{"/Users/dev/Documents/test-project/blogs/blogs-web/src/components/FormContainer/FormContainer.tsx": {"path":"/Users/dev/Documents/test-project/blogs/blogs-web/src/components/FormContainer/FormContainer.tsx","statementMap":{"0":{"start":{"line":6,"column":29},"end":{"line":17,"column":1}},"1":{"start":{"line":7,"column":23},"end":{"line":7,"column":36}},"2":{"start":{"line":9,"column":2},"end":{"line":16,"column":4}}},"fnMap":{"0":{"name":"(anonymous_0)","decl":{"start":{"line":6,"column":29},"end":{"line":6,"column":30}},"loc":{"start":{"line":6,"column":79},"end":{"line":17,"column":1}},"line":6}},"branchMap":{},"s":{"0":3,"1":9,"2":9},"f":{"0":9},"b":{},"_coverageSchema":"1a1c01bbd47fc00a2c39e90264f33305004495a9","hash":"e6c1241bae41c76dae6c2a097571da9bf40c0b99"}
,"/Users/dev/Documents/test-project/blogs/blogs-web/src/components/Forms/PostForm/PostForm.tsx": {"path":"/Users/dev/Documents/test-project/blogs/blogs-web/src/components/Forms/PostForm/PostForm.tsx","statementMap":{"0":{"start":{"line":12,"column":24},"end":{"line":40,"column":1}},"1":{"start":{"line":13,"column":19},"end":{"line":13,"column":32}},"2":{"start":{"line":14,"column":23},"end":{"line":25,"column":3}},"3":{"start":{"line":16,"column":6},"end":{"line":22,"column":11}},"4":{"start":{"line":18,"column":10},"end":{"line":18,"column":33}},"5":{"start":{"line":21,"column":10},"end":{"line":21,"column":64}},"6":{"start":{"line":27,"column":2},"end":{"line":39,"column":4}},"7":{"start":{"line":30,"column":8},"end":{"line":36,"column":15}}},"fnMap":{"0":{"name":"(anonymous_0)","decl":{"start":{"line":12,"column":24},"end":{"line":12,"column":25}},"loc":{"start":{"line":12,"column":43},"end":{"line":40,"column":1}},"line":12},"1":{"name":"(anonymous_1)","decl":{"start":{"line":15,"column":4},"end":{"line":15,"column":5}},"loc":{"start":{"line":15,"column":88},"end":{"line":23,"column":5}},"line":15},"2":{"name":"(anonymous_2)","decl":{"start":{"line":17,"column":14},"end":{"line":17,"column":15}},"loc":{"start":{"line":17,"column":20},"end":{"line":19,"column":9}},"line":17},"3":{"name":"(anonymous_3)","decl":{"start":{"line":20,"column":15},"end":{"line":20,"column":16}},"loc":{"start":{"line":20,"column":26},"end":{"line":22,"column":9}},"line":20},"4":{"name":"(anonymous_4)","decl":{"start":{"line":29,"column":7},"end":{"line":29,"column":8}},"loc":{"start":{"line":30,"column":8},"end":{"line":36,"column":15}},"line":30}},"branchMap":{},"s":{"0":1,"1":4,"2":3,"3":1,"4":1,"5":0,"6":3,"7":29},"f":{"0":4,"1":1,"2":1,"3":0,"4":29},"b":{},"_coverageSchema":"1a1c01bbd47fc00a2c39e90264f33305004495a9","hash":"6855b241e7dcaea7b8f56fcda58e0e5571a16613"}
,"/Users/dev/Documents/test-project/blogs/blogs-web/src/components/Forms/SigninForm/SigninForm.tsx": {"path":"/Users/dev/Documents/test-project/blogs/blogs-web/src/components/Forms/SigninForm/SigninForm.tsx","statementMap":{"0":{"start":{"line":14,"column":26},"end":{"line":50,"column":1}},"1":{"start":{"line":15,"column":33},"end":{"line":15,"column":56}},"2":{"start":{"line":16,"column":19},"end":{"line":16,"column":32}},"3":{"start":{"line":17,"column":23},"end":{"line":30,"column":3}},"4":{"start":{"line":19,"column":6},"end":{"line":27,"column":11}},"5":{"start":{"line":21,"column":10},"end":{"line":21,"column":68}},"6":{"start":{"line":22,"column":10},"end":{"line":22,"column":35}},"7":{"start":{"line":23,"column":10},"end":{"line":23,"column":33}},"8":{"start":{"line":26,"column":10},"end":{"line":26,"column":65}},"9":{"start":{"line":32,"column":2},"end":{"line":49,"column":4}},"10":{"start":{"line":36,"column":10},"end":{"line":42,"column":17}}},"fnMap":{"0":{"name":"(anonymous_0)","decl":{"start":{"line":14,"column":26},"end":{"line":14,"column":27}},"loc":{"start":{"line":14,"column":45},"end":{"line":50,"column":1}},"line":14},"1":{"name":"(anonymous_1)","decl":{"start":{"line":18,"column":4},"end":{"line":18,"column":5}},"loc":{"start":{"line":18,"column":86},"end":{"line":28,"column":5}},"line":18},"2":{"name":"(anonymous_2)","decl":{"start":{"line":20,"column":14},"end":{"line":20,"column":15}},"loc":{"start":{"line":20,"column":28},"end":{"line":24,"column":9}},"line":20},"3":{"name":"(anonymous_3)","decl":{"start":{"line":25,"column":15},"end":{"line":25,"column":16}},"loc":{"start":{"line":25,"column":26},"end":{"line":27,"column":9}},"line":25},"4":{"name":"(anonymous_4)","decl":{"start":{"line":35,"column":9},"end":{"line":35,"column":10}},"loc":{"start":{"line":36,"column":10},"end":{"line":42,"column":17}},"line":36}},"branchMap":{},"s":{"0":1,"1":5,"2":4,"3":4,"4":1,"5":1,"6":1,"7":1,"8":0,"9":4,"10":36},"f":{"0":5,"1":1,"2":1,"3":0,"4":36},"b":{},"_coverageSchema":"1a1c01bbd47fc00a2c39e90264f33305004495a9","hash":"b0fa3202b37d415a01b307fba8853c7449e4a7f7"}
,"/Users/dev/Documents/test-project/blogs/blogs-web/src/components/Forms/SignupForm/SignupForm.tsx": {"path":"/Users/dev/Documents/test-project/blogs/blogs-web/src/components/Forms/SignupForm/SignupForm.tsx","statementMap":{"0":{"start":{"line":12,"column":26},"end":{"line":50,"column":1}},"1":{"start":{"line":13,"column":19},"end":{"line":13,"column":32}},"2":{"start":{"line":14,"column":23},"end":{"line":25,"column":3}},"3":{"start":{"line":16,"column":6},"end":{"line":22,"column":11}},"4":{"start":{"line":18,"column":10},"end":{"line":18,"column":34}},"5":{"start":{"line":21,"column":10},"end":{"line":21,"column":65}},"6":{"start":{"line":27,"column":2},"end":{"line":49,"column":4}},"7":{"start":{"line":35,"column":10},"end":{"line":42,"column":17}}},"fnMap":{"0":{"name":"(anonymous_0)","decl":{"start":{"line":12,"column":26},"end":{"line":12,"column":27}},"loc":{"start":{"line":12,"column":45},"end":{"line":50,"column":1}},"line":12},"1":{"name":"(anonymous_1)","decl":{"start":{"line":15,"column":4},"end":{"line":15,"column":5}},"loc":{"start":{"line":15,"column":86},"end":{"line":23,"column":5}},"line":15},"2":{"name":"(anonymous_2)","decl":{"start":{"line":17,"column":14},"end":{"line":17,"column":15}},"loc":{"start":{"line":17,"column":20},"end":{"line":19,"column":9}},"line":17},"3":{"name":"(anonymous_3)","decl":{"start":{"line":20,"column":15},"end":{"line":20,"column":16}},"loc":{"start":{"line":20,"column":26},"end":{"line":22,"column":9}},"line":20},"4":{"name":"(anonymous_4)","decl":{"start":{"line":34,"column":9},"end":{"line":34,"column":10}},"loc":{"start":{"line":35,"column":10},"end":{"line":42,"column":17}},"line":35}},"branchMap":{},"s":{"0":1,"1":4,"2":3,"3":1,"4":1,"5":0,"6":3,"7":40},"f":{"0":4,"1":1,"2":1,"3":0,"4":40},"b":{},"_coverageSchema":"1a1c01bbd47fc00a2c39e90264f33305004495a9","hash":"cc8ad1eadb07fd37fb719fc98522c38b8a353ec2"}
,"/Users/dev/Documents/test-project/blogs/blogs-web/src/components/Header/Header.tsx": {"path":"/Users/dev/Documents/test-project/blogs/blogs-web/src/components/Header/Header.tsx","statementMap":{"0":{"start":{"line":6,"column":22},"end":{"line":55,"column":1}},"1":{"start":{"line":7,"column":2},"end":{"line":54,"column":11}}},"fnMap":{"0":{"name":"(anonymous_0)","decl":{"start":{"line":6,"column":22},"end":{"line":6,"column":23}},"loc":{"start":{"line":7,"column":2},"end":{"line":54,"column":11}},"line":7}},"branchMap":{},"s":{"0":2,"1":6},"f":{"0":6},"b":{},"_coverageSchema":"1a1c01bbd47fc00a2c39e90264f33305004495a9","hash":"44b57d93e1d3026a63c09782525703a04212db61"}
,"/Users/dev/Documents/test-project/blogs/blogs-web/src/components/Post/Post.tsx": {"path":"/Users/dev/Documents/test-project/blogs/blogs-web/src/components/Post/Post.tsx","statementMap":{"0":{"start":{"line":12,"column":20},"end":{"line":30,"column":1}},"1":{"start":{"line":13,"column":2},"end":{"line":29,"column":9}}},"fnMap":{"0":{"name":"(anonymous_0)","decl":{"start":{"line":12,"column":20},"end":{"line":12,"column":21}},"loc":{"start":{"line":13,"column":2},"end":{"line":29,"column":9}},"line":13}},"branchMap":{},"s":{"0":1,"1":4},"f":{"0":4},"b":{},"_coverageSchema":"1a1c01bbd47fc00a2c39e90264f33305004495a9","hash":"dc0ea448b205bd83a654ff5b1bda1b20bdec56ec"}
,"/Users/dev/Documents/test-project/blogs/blogs-web/src/components/TextInput/TextInput.tsx": {"path":"/Users/dev/Documents/test-project/blogs/blogs-web/src/components/TextInput/TextInput.tsx","statementMap":{"0":{"start":{"line":7,"column":25},"end":{"line":25,"column":1}},"1":{"start":{"line":8,"column":19},"end":{"line":8,"column":33}},"2":{"start":{"line":9,"column":27},"end":{"line":9,"column":45}},"3":{"start":{"line":11,"column":2},"end":{"line":24,"column":4}}},"fnMap":{"0":{"name":"(anonymous_0)","decl":{"start":{"line":7,"column":25},"end":{"line":7,"column":26}},"loc":{"start":{"line":7,"column":78},"end":{"line":25,"column":1}},"line":7}},"branchMap":{},"s":{"0":3,"1":250,"2":250,"3":250},"f":{"0":250},"b":{},"_coverageSchema":"1a1c01bbd47fc00a2c39e90264f33305004495a9","hash":"3e9944df8f1293587e21faa982001c4b581f4d02"}
,"/Users/dev/Documents/test-project/blogs/blogs-web/src/constants/routes.ts": {"path":"/Users/dev/Documents/test-project/blogs/blogs-web/src/constants/routes.ts","statementMap":{"0":{"start":{"line":1,"column":22},"end":{"line":6,"column":1}}},"fnMap":{},"branchMap":{},"s":{"0":4},"f":{},"b":{},"_coverageSchema":"1a1c01bbd47fc00a2c39e90264f33305004495a9","hash":"b3ffd47f45ee75598e53dac944182ed0272cdc5f"}
,"/Users/dev/Documents/test-project/blogs/blogs-web/src/contexts/AuthContext.tsx": {"path":"/Users/dev/Documents/test-project/blogs/blogs-web/src/contexts/AuthContext.tsx","statementMap":{"0":{"start":{"line":8,"column":20},"end":{"line":8,"column":73}},"1":{"start":{"line":9,"column":21},"end":{"line":19,"column":1}},"2":{"start":{"line":10,"column":48},"end":{"line":12,"column":3}},"3":{"start":{"line":14,"column":2},"end":{"line":16,"column":24}},"4":{"start":{"line":15,"column":4},"end":{"line":15,"column":84}},"5":{"start":{"line":18,"column":2},"end":{"line":18,"column":113}}},"fnMap":{"0":{"name":"(anonymous_0)","decl":{"start":{"line":9,"column":21},"end":{"line":9,"column":22}},"loc":{"start":{"line":9,"column":71},"end":{"line":19,"column":1}},"line":9},"1":{"name":"(anonymous_1)","decl":{"start":{"line":14,"column":12},"end":{"line":14,"column":13}},"loc":{"start":{"line":14,"column":18},"end":{"line":16,"column":3}},"line":14}},"branchMap":{"0":{"loc":{"start":{"line":11,"column":15},"end":{"line":11,"column":72}},"type":"binary-expr","locations":[{"start":{"line":11,"column":15},"end":{"line":11,"column":61}},{"start":{"line":11,"column":65},"end":{"line":11,"column":72}}],"line":11}},"s":{"0":4,"1":4,"2":12,"3":12,"4":12,"5":12},"f":{"0":12,"1":12},"b":{"0":[12,4]},"_coverageSchema":"1a1c01bbd47fc00a2c39e90264f33305004495a9","hash":"34ab50b01095ef876b880787ea5b341b22047abb"}
,"/Users/dev/Documents/test-project/blogs/blogs-web/src/fixtures/posts.tsx": {"path":"/Users/dev/Documents/test-project/blogs/blogs-web/src/fixtures/posts.tsx","statementMap":{"0":{"start":{"line":1,"column":27},"end":{"line":26,"column":1}}},"fnMap":{},"branchMap":{},"s":{"0":1},"f":{},"b":{},"_coverageSchema":"1a1c01bbd47fc00a2c39e90264f33305004495a9","hash":"af4a2374e4b592367c6a7f8dfeaa6dc84a1bca30"}
,"/Users/dev/Documents/test-project/blogs/blogs-web/src/pages/NewPost/NewPost.tsx": {"path":"/Users/dev/Documents/test-project/blogs/blogs-web/src/pages/NewPost/NewPost.tsx","statementMap":{"0":{"start":{"line":8,"column":23},"end":{"line":30,"column":1}},"1":{"start":{"line":9,"column":2},"end":{"line":29,"column":5}}},"fnMap":{"0":{"name":"(anonymous_0)","decl":{"start":{"line":8,"column":23},"end":{"line":8,"column":24}},"loc":{"start":{"line":9,"column":2},"end":{"line":29,"column":5}},"line":9}},"branchMap":{},"s":{"0":1,"1":4},"f":{"0":4},"b":{},"_coverageSchema":"1a1c01bbd47fc00a2c39e90264f33305004495a9","hash":"e785405deb59c5258e2d9e0fd01254448f9e6f1f"}
,"/Users/dev/Documents/test-project/blogs/blogs-web/src/pages/Posts/Posts.tsx": {"path":"/Users/dev/Documents/test-project/blogs/blogs-web/src/pages/Posts/Posts.tsx","statementMap":{"0":{"start":{"line":12,"column":21},"end":{"line":54,"column":1}},"1":{"start":{"line":13,"column":19},"end":{"line":13,"column":32}},"2":{"start":{"line":14,"column":28},"end":{"line":14,"column":52}},"3":{"start":{"line":16,"column":2},"end":{"line":28,"column":9}},"4":{"start":{"line":17,"column":23},"end":{"line":25,"column":5}},"5":{"start":{"line":18,"column":6},"end":{"line":24,"column":7}},"6":{"start":{"line":19,"column":25},"end":{"line":19,"column":75}},"7":{"start":{"line":21,"column":8},"end":{"line":21,"column":40}},"8":{"start":{"line":23,"column":8},"end":{"line":23,"column":44}},"9":{"start":{"line":27,"column":4},"end":{"line":27,"column":17}},"10":{"start":{"line":30,"column":2},"end":{"line":53,"column":4}},"11":{"start":{"line":42,"column":53},"end":{"line":42,"column":77}},"12":{"start":{"line":47,"column":14},"end":{"line":47,"column":51}}},"fnMap":{"0":{"name":"(anonymous_0)","decl":{"start":{"line":12,"column":21},"end":{"line":12,"column":22}},"loc":{"start":{"line":12,"column":40},"end":{"line":54,"column":1}},"line":12},"1":{"name":"(anonymous_1)","decl":{"start":{"line":16,"column":12},"end":{"line":16,"column":13}},"loc":{"start":{"line":16,"column":18},"end":{"line":28,"column":3}},"line":16},"2":{"name":"(anonymous_2)","decl":{"start":{"line":17,"column":23},"end":{"line":17,"column":24}},"loc":{"start":{"line":17,"column":50},"end":{"line":25,"column":5}},"line":17},"3":{"name":"(anonymous_3)","decl":{"start":{"line":42,"column":47},"end":{"line":42,"column":48}},"loc":{"start":{"line":42,"column":53},"end":{"line":42,"column":77}},"line":42},"4":{"name":"(anonymous_4)","decl":{"start":{"line":46,"column":23},"end":{"line":46,"column":24}},"loc":{"start":{"line":47,"column":14},"end":{"line":47,"column":51}},"line":47}},"branchMap":{},"s":{"0":1,"1":3,"2":3,"3":3,"4":2,"5":2,"6":2,"7":2,"8":0,"9":2,"10":3,"11":1,"12":4},"f":{"0":3,"1":2,"2":2,"3":1,"4":4},"b":{},"_coverageSchema":"1a1c01bbd47fc00a2c39e90264f33305004495a9","hash":"fc3c3d5bc48261997aa0eb1d682e9a524cfac985"}
,"/Users/dev/Documents/test-project/blogs/blogs-web/src/pages/Signin/Signin.tsx": {"path":"/Users/dev/Documents/test-project/blogs/blogs-web/src/pages/Signin/Signin.tsx","statementMap":{"0":{"start":{"line":7,"column":22},"end":{"line":26,"column":1}},"1":{"start":{"line":8,"column":2},"end":{"line":25,"column":18}}},"fnMap":{"0":{"name":"(anonymous_0)","decl":{"start":{"line":7,"column":22},"end":{"line":7,"column":23}},"loc":{"start":{"line":8,"column":2},"end":{"line":25,"column":18}},"line":8}},"branchMap":{},"s":{"0":1,"1":4},"f":{"0":4},"b":{},"_coverageSchema":"1a1c01bbd47fc00a2c39e90264f33305004495a9","hash":"e911208f21534bae9d1a77e7002962658c19ffcd"}
,"/Users/dev/Documents/test-project/blogs/blogs-web/src/pages/Signup/Signup.tsx": {"path":"/Users/dev/Documents/test-project/blogs/blogs-web/src/pages/Signup/Signup.tsx","statementMap":{"0":{"start":{"line":7,"column":22},"end":{"line":26,"column":1}},"1":{"start":{"line":8,"column":2},"end":{"line":25,"column":18}}},"fnMap":{"0":{"name":"(anonymous_0)","decl":{"start":{"line":7,"column":22},"end":{"line":7,"column":23}},"loc":{"start":{"line":8,"column":2},"end":{"line":25,"column":18}},"line":8}},"branchMap":{},"s":{"0":1,"1":4},"f":{"0":4},"b":{},"_coverageSchema":"1a1c01bbd47fc00a2c39e90264f33305004495a9","hash":"8517d024f9a45b39e645e7970c294da9675e5389"}
,"/Users/dev/Documents/test-project/blogs/blogs-web/src/schemas/postSchema.ts": {"path":"/Users/dev/Documents/test-project/blogs/blogs-web/src/schemas/postSchema.ts","statementMap":{"0":{"start":{"line":3,"column":26},"end":{"line":6,"column":2}}},"fnMap":{},"branchMap":{},"s":{"0":1},"f":{},"b":{},"_coverageSchema":"1a1c01bbd47fc00a2c39e90264f33305004495a9","hash":"efcc040b29be95ae4cec4b403bbdf8de51a22071"}
,"/Users/dev/Documents/test-project/blogs/blogs-web/src/schemas/signinSchema.ts": {"path":"/Users/dev/Documents/test-project/blogs/blogs-web/src/schemas/signinSchema.ts","statementMap":{"0":{"start":{"line":3,"column":28},"end":{"line":6,"column":2}}},"fnMap":{},"branchMap":{},"s":{"0":1},"f":{},"b":{},"_coverageSchema":"1a1c01bbd47fc00a2c39e90264f33305004495a9","hash":"fdfda34d8787ed07e0d707e4fb408ae514be80f7"}
,"/Users/dev/Documents/test-project/blogs/blogs-web/src/schemas/signupSchema.ts": {"path":"/Users/dev/Documents/test-project/blogs/blogs-web/src/schemas/signupSchema.ts","statementMap":{"0":{"start":{"line":3,"column":28},"end":{"line":7,"column":2}}},"fnMap":{},"branchMap":{},"s":{"0":1},"f":{},"b":{},"_coverageSchema":"1a1c01bbd47fc00a2c39e90264f33305004495a9","hash":"091d04672efeb3e04a39aa360f4df24d1e567fc2"}
,"/Users/dev/Documents/test-project/blogs/blogs-web/src/services/authService.ts": {"path":"/Users/dev/Documents/test-project/blogs/blogs-web/src/services/authService.ts","statementMap":{"0":{"start":{"line":8,"column":23},"end":{"line":11,"column":1}},"1":{"start":{"line":14,"column":2},"end":{"line":14,"column":49}},"2":{"start":{"line":18,"column":2},"end":{"line":18,"column":50}}},"fnMap":{"0":{"name":"login","decl":{"start":{"line":13,"column":16},"end":{"line":13,"column":21}},"loc":{"start":{"line":13,"column":95},"end":{"line":15,"column":1}},"line":13},"1":{"name":"signup","decl":{"start":{"line":17,"column":16},"end":{"line":17,"column":22}},"loc":{"start":{"line":17,"column":86},"end":{"line":19,"column":1}},"line":17}},"branchMap":{},"s":{"0":2,"1":1,"2":1},"f":{"0":1,"1":1},"b":{},"_coverageSchema":"1a1c01bbd47fc00a2c39e90264f33305004495a9","hash":"f0b1fe387cd4477067d5578039a0e565665179a0"}
,"/Users/dev/Documents/test-project/blogs/blogs-web/src/services/baseService.ts": {"path":"/Users/dev/Documents/test-project/blogs/blogs-web/src/services/baseService.ts","statementMap":{"0":{"start":{"line":4,"column":19},"end":{"line":27,"column":1}},"1":{"start":{"line":5,"column":25},"end":{"line":12,"column":3}},"2":{"start":{"line":13,"column":19},"end":{"line":13,"column":47}},"3":{"start":{"line":15,"column":2},"end":{"line":20,"column":4}},"4":{"start":{"line":16,"column":16},"end":{"line":16,"column":22}},"5":{"start":{"line":18,"column":6},"end":{"line":18,"column":28}},"6":{"start":{"line":21,"column":2},"end":{"line":24,"column":4}},"7":{"start":{"line":22,"column":18},"end":{"line":22,"column":26}},"8":{"start":{"line":23,"column":13},"end":{"line":23,"column":32}},"9":{"start":{"line":26,"column":2},"end":{"line":26,"column":18}},"10":{"start":{"line":29,"column":27},"end":{"line":29,"column":39}}},"fnMap":{"0":{"name":"(anonymous_0)","decl":{"start":{"line":4,"column":19},"end":{"line":4,"column":20}},"loc":{"start":{"line":4,"column":40},"end":{"line":27,"column":1}},"line":4},"1":{"name":"(anonymous_1)","decl":{"start":{"line":16,"column":4},"end":{"line":16,"column":5}},"loc":{"start":{"line":16,"column":16},"end":{"line":16,"column":22}},"line":16},"2":{"name":"(anonymous_2)","decl":{"start":{"line":17,"column":4},"end":{"line":17,"column":5}},"loc":{"start":{"line":17,"column":15},"end":{"line":19,"column":5}},"line":17},"3":{"name":"(anonymous_3)","decl":{"start":{"line":22,"column":4},"end":{"line":22,"column":5}},"loc":{"start":{"line":22,"column":18},"end":{"line":22,"column":26}},"line":22},"4":{"name":"(anonymous_4)","decl":{"start":{"line":23,"column":4},"end":{"line":23,"column":5}},"loc":{"start":{"line":23,"column":13},"end":{"line":23,"column":32}},"line":23}},"branchMap":{},"s":{"0":4,"1":4,"2":4,"3":4,"4":0,"5":0,"6":4,"7":0,"8":0,"9":4,"10":4},"f":{"0":4,"1":0,"2":0,"3":0,"4":0},"b":{},"_coverageSchema":"1a1c01bbd47fc00a2c39e90264f33305004495a9","hash":"0a9291f0cc4b85221dfe58b376920eb94a8c77d9"}
,"/Users/dev/Documents/test-project/blogs/blogs-web/src/services/postService.ts": {"path":"/Users/dev/Documents/test-project/blogs/blogs-web/src/services/postService.ts","statementMap":{"0":{"start":{"line":7,"column":23},"end":{"line":9,"column":1}},"1":{"start":{"line":12,"column":2},"end":{"line":12,"column":68}},"2":{"start":{"line":16,"column":2},"end":{"line":16,"column":49}}},"fnMap":{"0":{"name":"getPosts","decl":{"start":{"line":11,"column":16},"end":{"line":11,"column":24}},"loc":{"start":{"line":11,"column":93},"end":{"line":13,"column":1}},"line":11},"1":{"name":"createPost","decl":{"start":{"line":15,"column":16},"end":{"line":15,"column":26}},"loc":{"start":{"line":15,"column":81},"end":{"line":17,"column":1}},"line":15}},"branchMap":{},"s":{"0":2,"1":2,"2":1},"f":{"0":2,"1":1},"b":{},"_coverageSchema":"1a1c01bbd47fc00a2c39e90264f33305004495a9","hash":"58ce537dee73372d202a9e0e706cff1f3e445d8e"}
,"/Users/dev/Documents/test-project/blogs/blogs-web/src/types/apiError.ts": {"path":"/Users/dev/Documents/test-project/blogs/blogs-web/src/types/apiError.ts","statementMap":{},"fnMap":{},"branchMap":{},"s":{},"f":{},"b":{}}
,"/Users/dev/Documents/test-project/blogs/blogs-web/src/types/newPostPayload.ts": {"path":"/Users/dev/Documents/test-project/blogs/blogs-web/src/types/newPostPayload.ts","statementMap":{},"fnMap":{},"branchMap":{},"s":{},"f":{},"b":{}}
,"/Users/dev/Documents/test-project/blogs/blogs-web/src/types/post.ts": {"path":"/Users/dev/Documents/test-project/blogs/blogs-web/src/types/post.ts","statementMap":{},"fnMap":{},"branchMap":{},"s":{},"f":{},"b":{}}
,"/Users/dev/Documents/test-project/blogs/blogs-web/src/types/signin.ts": {"path":"/Users/dev/Documents/test-project/blogs/blogs-web/src/types/signin.ts","statementMap":{},"fnMap":{},"branchMap":{},"s":{},"f":{},"b":{}}
,"/Users/dev/Documents/test-project/blogs/blogs-web/src/types/signupPayload.ts": {"path":"/Users/dev/Documents/test-project/blogs/blogs-web/src/types/signupPayload.ts","statementMap":{},"fnMap":{},"branchMap":{},"s":{},"f":{},"b":{}}
}
