TN:
SF:src/components/FormContainer/FormContainer.tsx
FN:6,(anonymous_0)
FNF:1
FNH:1
FNDA:9,(anonymous_0)
DA:6,3
DA:7,9
DA:9,9
LF:3
LH:3
BRF:0
BRH:0
end_of_record
TN:
SF:src/components/Forms/PostForm/PostForm.tsx
FN:12,(anonymous_0)
FN:15,(anonymous_1)
FN:17,(anonymous_2)
FN:20,(anonymous_3)
FN:29,(anonymous_4)
FNF:5
FNH:4
FNDA:4,(anonymous_0)
FNDA:1,(anonymous_1)
FNDA:1,(anonymous_2)
FNDA:0,(anonymous_3)
FNDA:29,(anonymous_4)
DA:12,1
DA:13,4
DA:14,3
DA:16,1
DA:18,1
DA:21,0
DA:27,3
DA:30,29
LF:8
LH:7
BRF:0
BRH:0
end_of_record
TN:
SF:src/components/Forms/SigninForm/SigninForm.tsx
FN:14,(anonymous_0)
FN:18,(anonymous_1)
FN:20,(anonymous_2)
FN:25,(anonymous_3)
FN:35,(anonymous_4)
FNF:5
FNH:4
FNDA:5,(anonymous_0)
FNDA:1,(anonymous_1)
FNDA:1,(anonymous_2)
FNDA:0,(anonymous_3)
FNDA:36,(anonymous_4)
DA:14,1
DA:15,5
DA:16,4
DA:17,4
DA:19,1
DA:21,1
DA:22,1
DA:23,1
DA:26,0
DA:32,4
DA:36,36
LF:11
LH:10
BRF:0
BRH:0
end_of_record
TN:
SF:src/components/Forms/SignupForm/SignupForm.tsx
FN:12,(anonymous_0)
FN:15,(anonymous_1)
FN:17,(anonymous_2)
FN:20,(anonymous_3)
FN:34,(anonymous_4)
FNF:5
FNH:4
FNDA:4,(anonymous_0)
FNDA:1,(anonymous_1)
FNDA:1,(anonymous_2)
FNDA:0,(anonymous_3)
FNDA:40,(anonymous_4)
DA:12,1
DA:13,4
DA:14,3
DA:16,1
DA:18,1
DA:21,0
DA:27,3
DA:35,40
LF:8
LH:7
BRF:0
BRH:0
end_of_record
TN:
SF:src/components/Header/Header.tsx
FN:6,(anonymous_0)
FNF:1
FNH:1
FNDA:6,(anonymous_0)
DA:6,2
DA:7,6
LF:2
LH:2
BRF:0
BRH:0
end_of_record
TN:
SF:src/components/Post/Post.tsx
FN:12,(anonymous_0)
FNF:1
FNH:1
FNDA:4,(anonymous_0)
DA:12,1
DA:13,4
LF:2
LH:2
BRF:0
BRH:0
end_of_record
TN:
SF:src/components/TextInput/TextInput.tsx
FN:7,(anonymous_0)
FNF:1
FNH:1
FNDA:250,(anonymous_0)
DA:7,3
DA:8,250
DA:9,250
DA:11,250
LF:4
LH:4
BRF:0
BRH:0
end_of_record
TN:
SF:src/constants/routes.ts
FNF:0
FNH:0
DA:1,4
LF:1
LH:1
BRF:0
BRH:0
end_of_record
TN:
SF:src/contexts/AuthContext.tsx
FN:9,(anonymous_0)
FN:14,(anonymous_1)
FNF:2
FNH:2
FNDA:12,(anonymous_0)
FNDA:12,(anonymous_1)
DA:8,4
DA:9,4
DA:10,12
DA:14,12
DA:15,12
DA:18,12
LF:6
LH:6
BRDA:11,0,0,12
BRDA:11,0,1,4
BRF:2
BRH:2
end_of_record
TN:
SF:src/fixtures/posts.tsx
FNF:0
FNH:0
DA:1,1
LF:1
LH:1
BRF:0
BRH:0
end_of_record
TN:
SF:src/pages/NewPost/NewPost.tsx
FN:8,(anonymous_0)
FNF:1
FNH:1
FNDA:4,(anonymous_0)
DA:8,1
DA:9,4
LF:2
LH:2
BRF:0
BRH:0
end_of_record
TN:
SF:src/pages/Posts/Posts.tsx
FN:12,(anonymous_0)
FN:16,(anonymous_1)
FN:17,(anonymous_2)
FN:42,(anonymous_3)
FN:46,(anonymous_4)
FNF:5
FNH:5
FNDA:3,(anonymous_0)
FNDA:2,(anonymous_1)
FNDA:2,(anonymous_2)
FNDA:1,(anonymous_3)
FNDA:4,(anonymous_4)
DA:12,1
DA:13,3
DA:14,3
DA:16,3
DA:17,2
DA:18,2
DA:19,2
DA:21,2
DA:23,0
DA:27,2
DA:30,3
DA:42,1
DA:47,4
LF:13
LH:12
BRF:0
BRH:0
end_of_record
TN:
SF:src/pages/Signin/Signin.tsx
FN:7,(anonymous_0)
FNF:1
FNH:1
FNDA:4,(anonymous_0)
DA:7,1
DA:8,4
LF:2
LH:2
BRF:0
BRH:0
end_of_record
TN:
SF:src/pages/Signup/Signup.tsx
FN:7,(anonymous_0)
FNF:1
FNH:1
FNDA:4,(anonymous_0)
DA:7,1
DA:8,4
LF:2
LH:2
BRF:0
BRH:0
end_of_record
TN:
SF:src/schemas/postSchema.ts
FNF:0
FNH:0
DA:3,1
LF:1
LH:1
BRF:0
BRH:0
end_of_record
TN:
SF:src/schemas/signinSchema.ts
FNF:0
FNH:0
DA:3,1
LF:1
LH:1
BRF:0
BRH:0
end_of_record
TN:
SF:src/schemas/signupSchema.ts
FNF:0
FNH:0
DA:3,1
LF:1
LH:1
BRF:0
BRH:0
end_of_record
TN:
SF:src/services/authService.ts
FN:13,login
FN:17,signup
FNF:2
FNH:2
FNDA:1,login
FNDA:1,signup
DA:8,2
DA:14,1
DA:18,1
LF:3
LH:3
BRF:0
BRH:0
end_of_record
TN:
SF:src/services/baseService.ts
FN:4,(anonymous_0)
FN:16,(anonymous_1)
FN:17,(anonymous_2)
FN:22,(anonymous_3)
FN:23,(anonymous_4)
FNF:5
FNH:1
FNDA:4,(anonymous_0)
FNDA:0,(anonymous_1)
FNDA:0,(anonymous_2)
FNDA:0,(anonymous_3)
FNDA:0,(anonymous_4)
DA:4,4
DA:5,4
DA:13,4
DA:15,4
DA:16,0
DA:18,0
DA:21,4
DA:22,0
DA:23,0
DA:26,4
DA:29,4
LF:11
LH:7
BRF:0
BRH:0
end_of_record
TN:
SF:src/services/postService.ts
FN:11,getPosts
FN:15,createPost
FNF:2
FNH:2
FNDA:2,getPosts
FNDA:1,createPost
DA:7,2
DA:12,2
DA:16,1
LF:3
LH:3
BRF:0
BRH:0
end_of_record
TN:
SF:src/types/apiError.ts
FNF:0
FNH:0
LF:0
LH:0
BRF:0
BRH:0
end_of_record
TN:
SF:src/types/newPostPayload.ts
FNF:0
FNH:0
LF:0
LH:0
BRF:0
BRH:0
end_of_record
TN:
SF:src/types/post.ts
FNF:0
FNH:0
LF:0
LH:0
BRF:0
BRH:0
end_of_record
TN:
SF:src/types/signin.ts
FNF:0
FNH:0
LF:0
LH:0
BRF:0
BRH:0
end_of_record
TN:
SF:src/types/signupPayload.ts
FNF:0
FNH:0
LF:0
LH:0
BRF:0
BRH:0
end_of_record
